<?xml version="1.0" encoding="UTF-8"?>
<!-- Generated by org.testng.reporters.JUnitXMLReporter -->
<testsuite ignored="0" hostname="sanjays-MacBook-Air.local" failures="0" tests="7" name="Default test" time="230.633" errors="0" timestamp="2024-11-10T16:39:21 IST">
  <testcase classname="com.sanjaychauhan.flipkartautomation.tests.TC_01_flipkart_End_to_End" name="openFlipkartAndCloseLoginModule" time="0.02"/>
  <testcase classname="com.sanjaychauhan.flipkartautomation.tests.TC_01_flipkart_End_to_End" name="searchForMobileAndVerifyResults" time="3.761"/>
  <testcase classname="com.sanjaychauhan.flipkartautomation.tests.TC_01_flipkart_End_to_End" name="addPhonesToCompareAndVerify" time="0.317"/>
  <testcase classname="com.sanjaychauhan.flipkartautomation.tests.TC_01_flipkart_End_to_End" name="openProductPageAndAddToCart" time="96.514"/>
  <testcase classname="com.sanjaychauhan.flipkartautomation.tests.TC_01_flipkart_End_to_End" name="verifyCartTotalAmount" time="0.348"/>
  <testcase classname="com.sanjaychauhan.flipkartautomation.tests.TC_01_flipkart_End_to_End" name="increaseProductQuantityAndVerifyPopup" time="3.703"/>
  <testcase classname="com.sanjaychauhan.flipkartautomation.tests.TC_01_flipkart_End_to_End" name="removeProductFromCartAndVerify" time="111.284"/>
</testsuite> <!-- Default test -->
